<?xml version="1.0" encoding="UTF-8"?>
<!-- Generated by org.testng.reporters.JUnitReportReporter -->
<testsuite hostname="DESKTOP-CODLMV7" failures="0" tests="1" name="com.test.PostApiAutomate" time="4.030" errors="0" timestamp="2022-10-08T23:47:00 IST" skipped="0">
  <testcase classname="com.test.PostApiAutomate" name="postTest" time="4.030"/>
  <system-out/>
</testsuite> <!-- com.test.PostApiAutomate -->
